2025/10/16 18:05:35 convsun
2025/10/16 18:05:35 
2025/10/16 18:05:37 Convert Project to Upsun...
2025/10/16 18:05:37 Discover found 'services.yaml' at: /Users/nls/psh/directus/.platform/services.yaml
2025/10/16 18:05:37 Discover found '.platform.app.yaml' at: /Users/nls/psh/directus/.platform.app.yaml
2025/10/16 18:05:37 Discover found 'routes.yaml' at: /Users/nls/psh/directus/.platform/routes.yaml
2025/10/16 18:05:37 Upsun does not use 'sizes' in its configuration file (config.yml) !!
	Sizing is defined in the web console.
2025/10/16 18:05:37 Remove all 'size' on services.yaml...
2025/10/16 18:05:37 Remove all 'size' on .platform.app.yaml/applications.yaml...
2025/10/16 18:05:37 Upsun uses different mount types !!
	For more information: https://docs.upsun.com/create-apps/app-reference/single-runtime-image.html#define-a-mount
2025/10/16 18:05:37 Replace all mount type on .platform.app.yaml/applications.yaml...
2025/10/16 18:05:37 - Replace 'local' by 'storage' line 29
2025/10/16 18:05:37 - Replace 'local' by 'storage' line 33
2025/10/16 18:05:37 Upsun configuration files doesn't define 'disk' !!
	Disk is define into web console.
	For more information: https://docs.upsun.com/create-apps/app-reference/single-runtime-image.html#available-disk-space
2025/10/16 18:05:37 Remove all 'disk' on services.yaml...
2025/10/16 18:05:37 - Remove 'disk' field on line 8
2025/10/16 18:05:37 Remove all 'disk' on .platform.app.yaml/applications.yaml...
2025/10/16 18:05:37 - Remove 'disk' field on line 0
2025/10/16 18:05:37 Upsun does not use 'resources' in its configuration file (config.yml) !!
	Resources is defined in the web console.
2025/10/16 18:05:37 Remove all 'resources' on services.yaml...
2025/10/16 18:05:37 Remove all 'resources' on .platform.app.yaml/applications.yaml...
2025/10/16 18:05:37 Move custom config...
2025/10/16 18:05:37 Upsun configuration files generated !
	OPTIONAL: Please run : "upsun app:config-validate" in order to validate them.
